0 info it worked if it ends with ok
1 verbose cli [ '/usr/bin/nodejs', '/usr/bin/npm', 'install', '-g', 'd3' ]
2 info using npm@1.4.21
3 info using node@v0.10.25
4 verbose cache add [ 'd3', null ]
5 verbose cache add name=undefined spec="d3" args=["d3",null]
6 verbose parsed url { protocol: null,
6 verbose parsed url   slashes: null,
6 verbose parsed url   auth: null,
6 verbose parsed url   host: null,
6 verbose parsed url   port: null,
6 verbose parsed url   hostname: null,
6 verbose parsed url   hash: null,
6 verbose parsed url   search: null,
6 verbose parsed url   query: null,
6 verbose parsed url   pathname: 'd3',
6 verbose parsed url   path: 'd3',
6 verbose parsed url   href: 'd3' }
7 silly lockFile 7cfd024b-d3 d3
8 verbose lock d3 /home/sigma/.npm/7cfd024b-d3.lock
9 silly lockFile 7cfd024b-d3 d3
10 silly lockFile 7cfd024b-d3 d3
11 verbose addNamed [ 'd3', '' ]
12 verbose addNamed [ null, '*' ]
13 silly lockFile 97977b46-d3 d3@
14 verbose lock d3@ /home/sigma/.npm/97977b46-d3.lock
15 silly addNameRange { name: 'd3', range: '*', hasData: false }
16 verbose request where is /d3
17 verbose request registry https://registry.npmjs.org/
18 verbose request id bb645cec30b3eac5
19 verbose url raw /d3
20 verbose url resolving [ 'https://registry.npmjs.org/', './d3' ]
21 verbose url resolved https://registry.npmjs.org/d3
22 verbose request where is https://registry.npmjs.org/d3
23 info trying registry request attempt 1 at 01:22:59
24 http GET https://registry.npmjs.org/d3
25 http 200 https://registry.npmjs.org/d3
26 silly registry.get cb [ 200,
26 silly registry.get   { server: 'CouchDB/1.5.0 (Erlang OTP/R16B03)',
26 silly registry.get     etag: '"765UAHEVMARFADP3DOQNWWTJB"',
26 silly registry.get     'content-type': 'application/json',
26 silly registry.get     'cache-control': 'max-age=300',
26 silly registry.get     'content-length': '132823',
26 silly registry.get     'accept-ranges': 'bytes',
26 silly registry.get     date: 'Wed, 06 Jan 2016 00:22:59 GMT',
26 silly registry.get     via: '1.1 varnish',
26 silly registry.get     age: '0',
26 silly registry.get     connection: 'keep-alive',
26 silly registry.get     'x-served-by': 'cache-fra1248-FRA',
26 silly registry.get     'x-cache': 'HIT',
26 silly registry.get     'x-cache-hits': '1',
26 silly registry.get     'x-timer': 'S1452039779.764701,VS0,VE99',
26 silly registry.get     vary: 'Accept' } ]
27 silly addNameRange number 2 { name: 'd3', range: '*', hasData: true }
28 silly addNameRange versions [ 'd3',
28 silly addNameRange   [ '1.29.5',
28 silly addNameRange     '2.1.3',
28 silly addNameRange     '2.2.1',
28 silly addNameRange     '2.3.0',
28 silly addNameRange     '2.3.2',
28 silly addNameRange     '2.3.3',
28 silly addNameRange     '2.3.4',
28 silly addNameRange     '2.4.0',
28 silly addNameRange     '2.4.1',
28 silly addNameRange     '2.4.2',
28 silly addNameRange     '2.5.1',
28 silly addNameRange     '2.5.2',
28 silly addNameRange     '2.6.0',
28 silly addNameRange     '2.7.0',
28 silly addNameRange     '2.7.2',
28 silly addNameRange     '2.7.3',
28 silly addNameRange     '2.7.4',
28 silly addNameRange     '2.7.5',
28 silly addNameRange     '2.8.0',
28 silly addNameRange     '2.8.1',
28 silly addNameRange     '2.9.0',
28 silly addNameRange     '2.9.1',
28 silly addNameRange     '2.9.2',
28 silly addNameRange     '2.9.3',
28 silly addNameRange     '2.9.4',
28 silly addNameRange     '2.9.6',
28 silly addNameRange     '2.9.7',
28 silly addNameRange     '2.10.0',
28 silly addNameRange     '2.10.1',
28 silly addNameRange     '2.10.3',
28 silly addNameRange     '3.0.0',
28 silly addNameRange     '3.0.1',
28 silly addNameRange     '3.0.2',
28 silly addNameRange     '3.0.3',
28 silly addNameRange     '3.0.4',
28 silly addNameRange     '3.0.5',
28 silly addNameRange     '3.0.6',
28 silly addNameRange     '3.0.7',
28 silly addNameRange     '3.0.8',
28 silly addNameRange     '3.1.0',
28 silly addNameRange     '3.1.1',
28 silly addNameRange     '3.1.2',
28 silly addNameRange     '3.1.3',
28 silly addNameRange     '3.1.4',
28 silly addNameRange     '3.1.5',
28 silly addNameRange     '3.1.6',
28 silly addNameRange     '3.1.7',
28 silly addNameRange     '3.1.8',
28 silly addNameRange     '3.1.9',
28 silly addNameRange     '3.1.10',
28 silly addNameRange     '3.2.0',
28 silly addNameRange     '3.2.1',
28 silly addNameRange     '3.2.2',
28 silly addNameRange     '3.2.3',
28 silly addNameRange     '3.2.4',
28 silly addNameRange     '3.2.5',
28 silly addNameRange     '3.2.6',
28 silly addNameRange     '3.2.7',
28 silly addNameRange     '3.2.8',
28 silly addNameRange     '3.3.0',
28 silly addNameRange     '3.3.1',
28 silly addNameRange     '3.3.2',
28 silly addNameRange     '3.3.3',
28 silly addNameRange     '3.3.4',
28 silly addNameRange     '3.3.5',
28 silly addNameRange     '3.3.6',
28 silly addNameRange     '3.3.7',
28 silly addNameRange     '3.3.8',
28 silly addNameRange     '3.3.9',
28 silly addNameRange     '3.3.10',
28 silly addNameRange     '3.3.11',
28 silly addNameRange     '3.3.12',
28 silly addNameRange     '3.3.13',
28 silly addNameRange     '3.4.0',
28 silly addNameRange     '3.4.1',
28 silly addNameRange     '3.4.2',
28 silly addNameRange     '3.4.3',
28 silly addNameRange     '3.4.4',
28 silly addNameRange     '3.4.5',
28 silly addNameRange     '3.4.6',
28 silly addNameRange     '3.4.7',
28 silly addNameRange     '3.4.8',
28 silly addNameRange     '3.4.9',
28 silly addNameRange     '3.4.10',
28 silly addNameRange     '3.4.11',
28 silly addNameRange     '3.4.12',
28 silly addNameRange     '3.4.13',
28 silly addNameRange     '3.5.0',
28 silly addNameRange     '3.5.1',
28 silly addNameRange     '3.5.2',
28 silly addNameRange     '3.5.3',
28 silly addNameRange     '3.5.4',
28 silly addNameRange     '3.5.5',
28 silly addNameRange     '3.5.6',
28 silly addNameRange     '3.5.7',
28 silly addNameRange     '3.5.8',
28 silly addNameRange     '3.5.9',
28 silly addNameRange     '3.5.10',
28 silly addNameRange     '3.5.11',
28 silly addNameRange     '3.5.12',
28 silly addNameRange     '4.0.0-alpha.1' ] ]
29 verbose addNamed [ 'd3', '4.0.0-alpha.1' ]
30 verbose addNamed [ '4.0.0-alpha.1', '4.0.0-alpha.1' ]
31 silly lockFile 2eebc5c6-d3-4-0-0-alpha-1 d3@4.0.0-alpha.1
32 verbose lock d3@4.0.0-alpha.1 /home/sigma/.npm/2eebc5c6-d3-4-0-0-alpha-1.lock
33 silly lockFile d1858845-pmjs-org-d3-d3-4-0-0-alpha-1-tgz https://registry.npmjs.org/d3/-/d3-4.0.0-alpha.1.tgz
34 verbose lock https://registry.npmjs.org/d3/-/d3-4.0.0-alpha.1.tgz /home/sigma/.npm/d1858845-pmjs-org-d3-d3-4-0-0-alpha-1-tgz.lock
35 verbose addRemoteTarball [ 'https://registry.npmjs.org/d3/-/d3-4.0.0-alpha.1.tgz',
35 verbose addRemoteTarball   '1e89cd840b72381e549795dded4c00fce051afef' ]
36 info retry fetch attempt 1 at 01:23:00
37 verbose fetch to= /tmp/npm-24656-6nmCbpEw/registry.npmjs.org/d3/-/d3-4.0.0-alpha.1.tgz
38 http GET https://registry.npmjs.org/d3/-/d3-4.0.0-alpha.1.tgz
39 http 200 https://registry.npmjs.org/d3/-/d3-4.0.0-alpha.1.tgz
40 silly lockFile d1858845-pmjs-org-d3-d3-4-0-0-alpha-1-tgz https://registry.npmjs.org/d3/-/d3-4.0.0-alpha.1.tgz
41 silly lockFile d1858845-pmjs-org-d3-d3-4-0-0-alpha-1-tgz https://registry.npmjs.org/d3/-/d3-4.0.0-alpha.1.tgz
42 silly lockFile 2eebc5c6-d3-4-0-0-alpha-1 d3@4.0.0-alpha.1
43 silly lockFile 2eebc5c6-d3-4-0-0-alpha-1 d3@4.0.0-alpha.1
44 silly lockFile 97977b46-d3 d3@
45 silly lockFile 97977b46-d3 d3@
46 silly resolved [ { name: 'd3',
46 silly resolved     version: '4.0.0-alpha.1',
46 silly resolved     description: 'Data-Driven Documents',
46 silly resolved     keywords: [ 'dom', 'visualization', 'svg', 'animation', 'canvas' ],
46 silly resolved     homepage: 'https://github.com/mbostock/d3',
46 silly resolved     license: 'BSD-3-Clause',
46 silly resolved     author: { name: 'Mike Bostock', url: 'http://bost.ocks.org/mike' },
46 silly resolved     main: 'build/d3.js',
46 silly resolved     'jsnext:main': 'index',
46 silly resolved     repository: { type: 'git', url: 'git+https://github.com/mbostock/d3.git' },
46 silly resolved     scripts:
46 silly resolved      { pretest: 'mkdir -p build && rollup -c -o build/d3.js -- index.js',
46 silly resolved        test: 'faucet `find test -name \'*-test.js\'`',
46 silly resolved        prepublish: 'npm run test && uglifyjs build/d3.js -c -m -o build/d3.min.js && rm -f build/d3.zip && zip -j build/d3.zip -- LICENSE README.md build/d3.js build/d3.min.js' },
46 silly resolved     devDependencies:
46 silly resolved      { faucet: '0.0',
46 silly resolved        rollup: '0.24',
46 silly resolved        'rollup-plugin-json': '2',
46 silly resolved        'rollup-plugin-npm': '1',
46 silly resolved        tape: '4',
46 silly resolved        'uglify-js': '2' },
46 silly resolved     dependencies:
46 silly resolved      { 'd3-array': '0.6.2',
46 silly resolved        'd3-color': '0.3.3',
46 silly resolved        'd3-dispatch': '0.2.5',
46 silly resolved        'd3-dsv': '0.1.13',
46 silly resolved        'd3-ease': '0.4.0',
46 silly resolved        'd3-format': '0.4.2',
46 silly resolved        'd3-interpolate': '0.3.0',
46 silly resolved        'd3-path': '0.1.3',
46 silly resolved        'd3-random': '0.1.1',
46 silly resolved        'd3-request': '0.2.5',
46 silly resolved        'd3-scale': '0.4.0',
46 silly resolved        'd3-selection': '0.4.12',
46 silly resolved        'd3-shape': '0.3.0',
46 silly resolved        'd3-time': '0.1.1',
46 silly resolved        'd3-time-format': '0.2.1',
46 silly resolved        'd3-timer': '0.1.0' },
46 silly resolved     gitHead: '75370b36d4d57b6174b8e35ebce2cb4901ab6c0f',
46 silly resolved     bugs: { url: 'https://github.com/mbostock/d3/issues' },
46 silly resolved     _id: 'd3@4.0.0-alpha.1',
46 silly resolved     _shasum: '1e89cd840b72381e549795dded4c00fce051afef',
46 silly resolved     _from: 'd3@',
46 silly resolved     _npmVersion: '3.3.12',
46 silly resolved     _nodeVersion: '5.1.0',
46 silly resolved     _npmUser: { name: 'mbostock', email: 'mbostock@gmail.com' },
46 silly resolved     maintainers: [ [Object], [Object] ],
46 silly resolved     dist:
46 silly resolved      { shasum: '1e89cd840b72381e549795dded4c00fce051afef',
46 silly resolved        tarball: 'http://registry.npmjs.org/d3/-/d3-4.0.0-alpha.1.tgz' },
46 silly resolved     directories: {},
46 silly resolved     _resolved: 'https://registry.npmjs.org/d3/-/d3-4.0.0-alpha.1.tgz' } ]
47 info install d3@4.0.0-alpha.1 into /usr/local/lib
48 info installOne d3@4.0.0-alpha.1
49 verbose lib/node_modules/d3 unbuild
50 verbose tar unpack /home/sigma/.npm/d3/4.0.0-alpha.1/package.tgz
51 silly lockFile 33a59d42-ar-usr-local-lib-node-modules-d3 tar:///usr/local/lib/node_modules/d3
52 verbose lock tar:///usr/local/lib/node_modules/d3 /home/sigma/.npm/33a59d42-ar-usr-local-lib-node-modules-d3.lock
53 silly lockFile c9f694f4-npm-d3-4-0-0-alpha-1-package-tgz tar:///home/sigma/.npm/d3/4.0.0-alpha.1/package.tgz
54 verbose lock tar:///home/sigma/.npm/d3/4.0.0-alpha.1/package.tgz /home/sigma/.npm/c9f694f4-npm-d3-4-0-0-alpha-1-package-tgz.lock
55 silly gunzTarPerm modes [ '775', '664' ]
56 error Error: EACCES, mkdir '/usr/local/lib/node_modules/d3'
56 error  { [Error: EACCES, mkdir '/usr/local/lib/node_modules/d3']
56 error   errno: 3,
56 error   code: 'EACCES',
56 error   path: '/usr/local/lib/node_modules/d3',
56 error   fstream_type: 'Directory',
56 error   fstream_path: '/usr/local/lib/node_modules/d3',
56 error   fstream_class: 'DirWriter',
56 error   fstream_stack:
56 error    [ '/usr/lib/nodejs/fstream/lib/dir-writer.js:36:23',
56 error      '/usr/lib/nodejs/mkdirp/index.js:46:53',
56 error      'Object.oncomplete (fs.js:107:15)' ] }
57 error Please try running this command again as root/Administrator.
58 error System Linux 3.19.0-30-generic
59 error command "/usr/bin/nodejs" "/usr/bin/npm" "install" "-g" "d3"
60 error cwd /var/www/html/d3AngularIntegration/d3AngularIntegration
61 error node -v v0.10.25
62 error npm -v 1.4.21
63 error path /usr/local/lib/node_modules/d3
64 error fstream_path /usr/local/lib/node_modules/d3
65 error fstream_type Directory
66 error fstream_class DirWriter
67 error code EACCES
68 error errno 3
69 error stack Error: EACCES, mkdir '/usr/local/lib/node_modules/d3'
70 error fstream_stack /usr/lib/nodejs/fstream/lib/dir-writer.js:36:23
70 error fstream_stack /usr/lib/nodejs/mkdirp/index.js:46:53
70 error fstream_stack Object.oncomplete (fs.js:107:15)
71 verbose exit [ 3, true ]
